mysql> source F:\School\CSCE 520\HW 5\hw5.sql
+-----------------------------+
| Makers of PCs Faster than 3 |
+-----------------------------+
| B                           |
| E                           |
+-----------------------------+
2 rows in set (0.00 sec)

+-----------------------------+
| Makers of PCs Faster than 3 |
+-----------------------------+
| B                           |
| E                           |
+-----------------------------+
2 rows in set (0.00 sec)

+------------------------------+--------+
| Most Expensive Printer Model | Price  |
+------------------------------+--------+
| 3003                         | 899.00 |
+------------------------------+--------+
1 row in set (0.00 sec)

+------------------------------+--------+
| Most Expensive Printer Model | Price  |
+------------------------------+--------+
| 3003                         | 899.00 |
+------------------------------+--------+
1 row in set (0.00 sec)

+-----------------------------------+
| Models of Faster PCs than Laptops |
+-----------------------------------+
| 2001                              |
| 2002                              |
| 2003                              |
| 2004                              |
| 2005                              |
| 2006                              |
| 2007                              |
| 2008                              |
| 2009                              |
| 2010                              |
+-----------------------------------+
10 rows in set (0.00 sec)

+-----------------------------------+
| Models of Faster PCs than Laptops |
+-----------------------------------+
| 2001                              |
| 2002                              |
| 2003                              |
| 2004                              |
| 2005                              |
| 2006                              |
| 2007                              |
| 2008                              |
| 2009                              |
| 2010                              |
+-----------------------------------+
10 rows in set (0.00 sec)

+----------------------+---------+
| Most Expensive Model | Price   |
+----------------------+---------+
| 2001                 | 3673.00 |
+----------------------+---------+
1 row in set (0.00 sec)

+----------------------+---------+
| Most Expensive Model | Price   |
+----------------------+---------+
| 2001                 | 3673.00 |
+----------------------+---------+
1 row in set (0.00 sec)

+------------------------+-------+
| Cheapest Color Printer | Price |
+------------------------+-------+
| E                      | 99.00 |
+------------------------+-------+
1 row in set (0.00 sec)

+------------------------+-------+
| Cheapest Color Printer | Price |
+------------------------+-------+
| E                      | 99.00 |
+------------------------+-------+
1 row in set (0.00 sec)

+----------------------------------------+
| Maker of Fastest speed from Lowest RAM |
+----------------------------------------+
| B                                      |
+----------------------------------------+
1 row in set (0.00 sec)

+----------------------------------------+
| Maker of Fastest speed from Lowest RAM |
+----------------------------------------+
| B                                      |
+----------------------------------------+
1 row in set (0.00 sec)

mysql> notee
