mysql> source F:\School\CSCE 520\HW 4\hw4.sql
+-----------------+----------------+
| Distinct Makers | Number of PC's |
+-----------------+----------------+
| A               |              3 |
| B               |              3 |
| C               |              1 |
| D               |              3 |
| E               |              3 |
+-----------------+----------------+
5 rows in set (0.00 sec)

+-----------------------+
| Largest Laptop Screen |
+-----------------------+
|                  20.1 |
+-----------------------+
1 row in set (0.00 sec)

+---------------+-------+
| Average_Price | maker |
+---------------+-------+
|   1489.500000 | A     |
|    939.250000 | B     |
|    510.000000 | C     |
|    486.000000 | D     |
|    949.444444 | E     |
|    790.000000 | F     |
|   2300.000000 | G     |
+---------------+-------+
7 rows in set (0.00 sec)

mysql> notee
